Loading required package: lattice
Loading required package: ggplot2
Loading required package: methods
file name: ../chf_readmit_cost.csv -- model type: svm -- response: CostLabel
set response variable, remove others
sample
shuffle
1
model made
prediction done
2
model made
prediction done
3
model made
prediction done
4
model made
prediction done
5
model made
prediction done
6
model made
prediction done
7
model made
prediction done
8
model made
prediction done
9
model made
prediction done
10
model made
prediction done
accuracy: 0.433278867102396
precision 1: 0.438423645320197
precision 2: 0.459190031152648
precision 3: 0.376914016489988
average precision: 0.424842564320944
recall 1: 0.437346437346437
recall 2: 0.604593929450369
recall 3: 0.25974025974026
average recall: 0.433893542179022
f-measure: 0.429320355127378
figure out who is who: 
number low: 1219
number medium: 1232
number high: 1221
number 1: 1221
number 2: 1219
number 3: 1232
confusion matrix
Confusion Matrix and Statistics

          Reference
Prediction high low medium
    high    534 262    422
    low     378 737    490
    medium  309 220    320

Overall Statistics
                                          
               Accuracy : 0.4333          
                 95% CI : (0.4172, 0.4495)
    No Information Rate : 0.3355          
    P-Value [Acc > NIR] : < 2.2e-16       
                                          
                  Kappa : 0.1504          
 Mcnemar's Test P-Value : < 2.2e-16       

Statistics by Class:

                     Class: high Class: low Class: medium
Sensitivity               0.4373     0.6046       0.25974
Specificity               0.7209     0.6461       0.78320
Pos Pred Value            0.4384     0.4592       0.37691
Neg Pred Value            0.7200     0.7668       0.67694
Prevalence                0.3325     0.3320       0.33551
Detection Rate            0.1454     0.2007       0.08715
Detection Prevalence      0.3317     0.4371       0.23121
Balanced Accuracy         0.5791     0.6254       0.52147
