Loading required package: lattice
Loading required package: ggplot2
Loading required package: methods
file name: ../chf_readmit_cost.csv -- model type: tree -- response: CostLabel
cp: 0.001
set response variable, remove others
sample
shuffle
1
model made
prediction done
2
model made
prediction done
3
model made
prediction done
4
model made
prediction done
5
model made
prediction done
6
model made
prediction done
7
model made
prediction done
8
model made
prediction done
9
model made
prediction done
10
model made
prediction done
accuracy: 0.431100217864924
precision 1: 0.435745937961595
precision 2: 0.475409836065574
precision 3: 0.37029893924783
average precision: 0.427151571091666
recall 1: 0.483210483210483
recall 2: 0.499589827727646
recall 3: 0.311688311688312
average recall: 0.431496207542147
f-measure: 0.429312897693591
figure out who is who: 
number low: 1219
number medium: 1232
number high: 1221
number 1: 1221
number 2: 1219
number 3: 1232
confusion matrix
Confusion Matrix and Statistics

          Reference
Prediction high low medium
    high    590 307    457
    low     281 609    391
    medium  350 303    384

Overall Statistics
                                         
               Accuracy : 0.4311         
                 95% CI : (0.415, 0.4473)
    No Information Rate : 0.3355         
    P-Value [Acc > NIR] : < 2.2e-16      
                                         
                  Kappa : 0.1469         
 Mcnemar's Test P-Value : 7.511e-06      

Statistics by Class:

                     Class: high Class: low Class: medium
Sensitivity               0.4832     0.4996        0.3117
Specificity               0.6883     0.7260        0.7324
Pos Pred Value            0.4357     0.4754        0.3703
Neg Pred Value            0.7278     0.7449        0.6782
Prevalence                0.3325     0.3320        0.3355
Detection Rate            0.1607     0.1658        0.1046
Detection Prevalence      0.3687     0.3489        0.2824
Balanced Accuracy         0.5858     0.6128        0.5220
