Loading required package: lattice
Loading required package: ggplot2
Loading required package: methods
file name: ../chf_readmit_cost.csv -- model type: nb -- response: CostLabel
set response variable, remove others
sample
shuffle
1
model made
prediction done
2
model made
prediction done
3
model made
prediction done
4
model made
prediction done
5
model made
prediction done
6
model made
prediction done
7
model made
prediction done
8
model made
prediction done
9
model made
prediction done
10
model made
prediction done
accuracy: 0.381263616557734
precision 1: 0.476021314387211
precision 2: 0.364825581395349
precision 3: 0.358543417366947
average precision: 0.399796771049836
recall 1: 0.21949221949222
recall 2: 0.823625922887613
recall 3: 0.103896103896104
average recall: 0.382338082091979
f-measure: 0.390872571541175
figure out who is who: 
number low: 1219
number medium: 1232
number high: 1221
number 1: 1221
number 2: 1219
number 3: 1232
confusion matrix
Confusion Matrix and Statistics

          Reference
Prediction high  low medium
    high    268  124    171
    low     815 1004    933
    medium  138   91    128

Overall Statistics
                                          
               Accuracy : 0.3813          
                 95% CI : (0.3655, 0.3972)
    No Information Rate : 0.3355          
    P-Value [Acc > NIR] : 3.389e-09       
                                          
                  Kappa : 0.0732          
 Mcnemar's Test P-Value : < 2.2e-16       

Statistics by Class:

                     Class: high Class: low Class: medium
Sensitivity              0.21949     0.8236       0.10390
Specificity              0.87964     0.2874       0.90615
Pos Pred Value           0.47602     0.3648       0.35854
Neg Pred Value           0.69347     0.7663       0.66697
Prevalence               0.33252     0.3320       0.33551
Detection Rate           0.07298     0.2734       0.03486
Detection Prevalence     0.15332     0.7495       0.09722
Balanced Accuracy        0.54957     0.5555       0.50502
