Loading required package: lattice
Loading required package: ggplot2
Loading required package: methods
file name: ../chf_readmit_cost.csv -- model type: tree -- response: CostLabel
cp: 0.01
set response variable, remove others
sample
shuffle
1
model made
prediction done
2
model made
prediction done
3
model made
prediction done
4
model made
prediction done
5
model made
prediction done
6
model made
prediction done
7
model made
prediction done
8
model made
prediction done
9
model made
prediction done
10
model made
prediction done
accuracy: 0.441448801742919
precision 1: 0.432698217578365
precision 2: 0.493708364174685
precision 3: 0.360230547550432
average precision: 0.428879043101161
recall 1: 0.576576576576577
recall 2: 0.547169811320755
recall 3: 0.202922077922078
average recall: 0.442222821939803
f-measure: 0.435448730676564
figure out who is who: 
number low: 1219
number medium: 1232
number high: 1221
number 1: 1221
number 2: 1219
number 3: 1232
confusion matrix
Confusion Matrix and Statistics

          Reference
Prediction high low medium
    high    704 347    576
    low     278 667    406
    medium  239 205    250

Overall Statistics
                                          
               Accuracy : 0.4414          
                 95% CI : (0.4253, 0.4577)
    No Information Rate : 0.3355          
    P-Value [Acc > NIR] : < 2.2e-16       
                                          
                  Kappa : 0.1627          
 Mcnemar's Test P-Value : < 2.2e-16       

Statistics by Class:

                     Class: high Class: low Class: medium
Sensitivity               0.5766     0.5472       0.20292
Specificity               0.6234     0.7212       0.81803
Pos Pred Value            0.4327     0.4937       0.36023
Neg Pred Value            0.7472     0.7622       0.67025
Prevalence                0.3325     0.3320       0.33551
Detection Rate            0.1917     0.1816       0.06808
Detection Prevalence      0.4431     0.3679       0.18900
Balanced Accuracy         0.6000     0.6342       0.51048
