Loading required package: lattice
Loading required package: ggplot2
Loading required package: methods
file name: ../chf_readmit_cost.csv -- model type: tree -- response: CostLabel
cp: 0.0005
set response variable, remove others
sample
shuffle
1
model made
prediction done
2
model made
prediction done
3
model made
prediction done
4
model made
prediction done
5
model made
prediction done
6
model made
prediction done
7
model made
prediction done
8
model made
prediction done
9
model made
prediction done
10
model made
prediction done
accuracy: 0.409313725490196
precision 1: 0.413322632423756
precision 2: 0.447030497592295
precision 3: 0.365254237288136
average precision: 0.408535789101396
recall 1: 0.421785421785422
recall 2: 0.456931911402789
recall 3: 0.349837662337662
average recall: 0.409518331841958
f-measure: 0.409026470418884
figure out who is who: 
number low: 1219
number medium: 1232
number high: 1221
number 1: 1221
number 2: 1219
number 3: 1232
confusion matrix
Confusion Matrix and Statistics

          Reference
Prediction high low medium
    high    515 315    416
    low     304 557    385
    medium  402 347    431

Overall Statistics
                                          
               Accuracy : 0.4093          
                 95% CI : (0.3934, 0.4254)
    No Information Rate : 0.3355          
    P-Value [Acc > NIR] : <2e-16          
                                          
                  Kappa : 0.114           
 Mcnemar's Test P-Value : 0.4922          

Statistics by Class:

                     Class: high Class: low Class: medium
Sensitivity               0.4218     0.4569        0.3498
Specificity               0.7018     0.7191        0.6930
Pos Pred Value            0.4133     0.4470        0.3653
Neg Pred Value            0.7090     0.7271        0.6786
Prevalence                0.3325     0.3320        0.3355
Detection Rate            0.1403     0.1517        0.1174
Detection Prevalence      0.3393     0.3393        0.3214
Balanced Accuracy         0.5618     0.5880        0.5214
