Loading required package: lattice
Loading required package: ggplot2
Loading required package: methods
file name: ../chf_readmit_cost.csv -- model type: tree -- response: RiskCost
cp: 0.0005
set response variable, remove others
sample
shuffle
1
model made
prediction done
2
model made
prediction done
3
model made
prediction done
4
model made
prediction done
5
model made
prediction done
6
model made
prediction done
7
model made
prediction done
8
model made
prediction done
9
model made
prediction done
10
model made
prediction done
accuracy: 0.265795206971678
precision 1: 0.2996632996633
precision 2: 0.100840336134454
precision 3: 0.0476190476190476
precision 4: 0.307892454466609
precision 5: 0.0625
precision 6: 0
precision 7: 0.239350912778905
precision 8: 0.114942528735632
precision 9: 0
average precision: 0.13031206437755
recall 1: 0.423809523809524
recall 2: 0.0459770114942529
recall 3: 0.00833333333333333
recall 4: 0.438271604938272
recall 5: 0.0213523131672598
recall 6: 0
recall 7: 0.285714285714286
recall 8: 0.0364963503649635
recall 9: 0
average recall: 0.139994935869099
f-measure: 0.134980071391852
figure out who is who: 
number low 30days: 810
number low 60days: 281
number low 90days: 128
number medium 30days: 826
number medium 60days: 274
number medium 90days: 132
number high 30days: 840
number high 60days: 261
number high 90days: 120
number 1: 840
number 2: 261
number 3: 120
number 4: 810
number 5: 281
number 6: 128
number 7: 826
number 8: 274
number 9: 132
confusion matrix
Confusion Matrix and Statistics

               Reference
Prediction      high 30days high 60days high 90days low 30days low 60days
  high 30days           356         108          48        197         63
  high 60days            26          12           3         21          6
  high 90days             7           1           1          4          2
  low 30days            188          55          28        355        121
  low 60days             12           9           3         26          6
  low 90days              3           0           0          4          0
  medium 30days         228          65          31        186         77
  medium 60days          15           9           6         13          5
  medium 90days           5           2           0          4          1
               Reference
Prediction      low 90days medium 30days medium 60days medium 90days
  high 30days           21           271            85            39
  high 60days            4            32            10             5
  high 90days            0             4             2             0
  low 30days            55           230            85            36
  low 60days             6            24             4             6
  low 90days             0             0             1             0
  medium 30days         41           236            77            45
  medium 60days          1            27            10             1
  medium 90days          0             2             0             0

Overall Statistics
                                          
               Accuracy : 0.2658          
                 95% CI : (0.2516, 0.2804)
    No Information Rate : 0.2288          
    P-Value [Acc > NIR] : 8.301e-08       
                                          
                  Kappa : 0.0705          
 Mcnemar's Test P-Value : NA              

Statistics by Class:

                     Class: high 30days Class: high 60days Class: high 90days
Sensitivity                     0.42381           0.045977          0.0083333
Specificity                     0.70621           0.968631          0.9943694
Pos Pred Value                  0.29966           0.100840          0.0476190
Neg Pred Value                  0.80515           0.929918          0.9674062
Prevalence                      0.22876           0.071078          0.0326797
Detection Rate                  0.09695           0.003268          0.0002723
Detection Prevalence            0.32353           0.032407          0.0057190
Balanced Accuracy               0.56501           0.507304          0.5013514
                     Class: low 30days Class: low 60days Class: low 90days
Sensitivity                    0.43827          0.021352          0.000000
Specificity                    0.72117          0.973459          0.997743
Pos Pred Value                 0.30789          0.062500          0.000000
Neg Pred Value                 0.81937          0.923098          0.965066
Prevalence                     0.22059          0.076525          0.034858
Detection Rate                 0.09668          0.001634          0.000000
Detection Prevalence           0.31400          0.026144          0.002179
Balanced Accuracy              0.57972          0.497406          0.498871
                     Class: medium 30days Class: medium 60days
Sensitivity                       0.28571             0.036496
Specificity                       0.73647             0.977340
Pos Pred Value                    0.23935             0.114943
Neg Pred Value                    0.78034             0.926360
Prevalence                        0.22495             0.074619
Detection Rate                    0.06427             0.002723
Detection Prevalence              0.26852             0.023693
Balanced Accuracy                 0.51109             0.506918
                     Class: medium 90days
Sensitivity                      0.000000
Specificity                      0.996045
Pos Pred Value                   0.000000
Neg Pred Value                   0.963915
Prevalence                       0.035948
Detection Rate                   0.000000
Detection Prevalence             0.003813
Balanced Accuracy                0.498023
