Loading required package: lattice
Loading required package: ggplot2
Loading required package: methods
file name: ../chf_readmit_cost.csv -- model type: tree -- response: RiskCost
cp: 0.001
set response variable, remove others
sample
shuffle
1
model made
prediction done
2
model made
prediction done
3
model made
prediction done
4
model made
prediction done
5
model made
prediction done
6
model made
prediction done
7
model made
prediction done
8
model made
prediction done
9
model made
prediction done
10
model made
prediction done
accuracy: 0.292483660130719
precision 1: 0.309234073013601
precision 2: 0.0833333333333333
precision 3: 0.166666666666667
precision 4: 0.325528700906344
precision 5: 0.111111111111111
precision 6: 0
precision 7: 0.234192037470726
precision 8: 0.136363636363636
precision 9: 0
average precision: 0.151825506540602
recall 1: 0.514285714285714
recall 2: 0.00766283524904215
recall 3: 0.00833333333333333
recall 4: 0.532098765432099
recall 5: 0.00711743772241993
recall 6: 0
recall 7: 0.242130750605327
recall 8: 0.0218978102189781
recall 9: 0
average recall: 0.148169627427435
f-measure: 0.149975290869214
figure out who is who: 
number low 30days: 810
number low 60days: 281
number low 90days: 128
number medium 30days: 826
number medium 60days: 274
number medium 90days: 132
number high 30days: 840
number high 60days: 261
number high 90days: 120
number 1: 840
number 2: 261
number 3: 120
number 4: 810
number 5: 281
number 6: 128
number 7: 826
number 8: 274
number 9: 132
confusion matrix
Confusion Matrix and Statistics

               Reference
Prediction      high 30days high 60days high 90days low 30days low 60days
  high 30days           432         123          52        201         75
  high 60days             8           2           0          4          2
  high 90days             2           0           1          1          0
  low 30days            193          63          32        431        143
  low 60days              2           0           0          5          2
  low 90days              0           0           0          0          0
  medium 30days         195          67          33        159         56
  medium 60days           5           5           2          9          3
  medium 90days           3           1           0          0          0
               Reference
Prediction      low 90days medium 30days medium 60days medium 90days
  high 30days           22           326           106            60
  high 60days            0             7             1             0
  high 90days            0             2             0             0
  low 30days            65           271            90            36
  low 60days             1             5             1             2
  low 90days             0             0             0             0
  medium 30days         40           200            70            34
  medium 60days          0            14             6             0
  medium 90days          0             1             0             0

Overall Statistics
                                          
               Accuracy : 0.2925          
                 95% CI : (0.2778, 0.3075)
    No Information Rate : 0.2288          
    P-Value [Acc > NIR] : < 2.2e-16       
                                          
                  Kappa : 0.0921          
 Mcnemar's Test P-Value : NA              

Statistics by Class:

                     Class: high 30days Class: high 60days Class: high 90days
Sensitivity                      0.5143          0.0076628          0.0083333
Specificity                      0.6593          0.9935503          0.9985923
Pos Pred Value                   0.3092          0.0833333          0.1666667
Neg Pred Value                   0.8207          0.9290022          0.9675396
Prevalence                       0.2288          0.0710784          0.0326797
Detection Rate                   0.1176          0.0005447          0.0002723
Detection Prevalence             0.3804          0.0065359          0.0016340
Balanced Accuracy                0.5868          0.5006066          0.5034628
                     Class: low 30days Class: low 60days Class: low 90days
Sensitivity                     0.5321         0.0071174           0.00000
Specificity                     0.6880         0.9952816           1.00000
Pos Pred Value                  0.3255         0.1111111               NaN
Neg Pred Value                  0.8386         0.9236453           0.96514
Prevalence                      0.2206         0.0765251           0.03486
Detection Rate                  0.1174         0.0005447           0.00000
Detection Prevalence            0.3606         0.0049020           0.00000
Balanced Accuracy               0.6100         0.5011995           0.50000
                     Class: medium 30days Class: medium 60days
Sensitivity                       0.24213             0.021898
Specificity                       0.77020             0.988817
Pos Pred Value                    0.23419             0.136364
Neg Pred Value                    0.77786             0.926130
Prevalence                        0.22495             0.074619
Detection Rate                    0.05447             0.001634
Detection Prevalence              0.23257             0.011983
Balanced Accuracy                 0.50617             0.505357
                     Class: medium 90days
Sensitivity                      0.000000
Specificity                      0.998588
Pos Pred Value                   0.000000
Neg Pred Value                   0.964003
Prevalence                       0.035948
Detection Rate                   0.000000
Detection Prevalence             0.001362
Balanced Accuracy                0.499294
