Loading required package: lattice
Loading required package: ggplot2
Loading required package: methods
file name: ../chf_readmit_cost.csv -- model type: svm -- response: RiskCost
set response variable, remove others
sample
shuffle
1
model made
prediction done
2
model made
prediction done
3
model made
prediction done
4
model made
prediction done
5
model made
prediction done
6
model made
prediction done
7
model made
prediction done
8
model made
prediction done
9
model made
prediction done
10
model made
prediction done
accuracy: 0.292483660130719
precision 1: 0.318370739817124
precision 2: 0
precision 3: 0
precision 4: 0.296710117939168
precision 5: 0
precision 6: 0
precision 7: 0.248541423570595
precision 8: 0
precision 9: 0
average precision: 0.095958031258543
recall 1: 0.455952380952381
recall 2: 0
recall 3: 0
recall 4: 0.590123456790123
recall 5: 0
recall 6: 0
recall 7: 0.257869249394673
recall 8: 0
recall 9: 0
average recall: 0.144882787459686
f-measure: 0.115451086089745
figure out who is who: 
number low 30days: 810
number low 60days: 281
number low 90days: 128
number medium 30days: 826
number medium 60days: 274
number medium 90days: 132
number high 30days: 840
number high 60days: 261
number high 90days: 120
number 1: 840
number 2: 261
number 3: 120
number 4: 810
number 5: 281
number 6: 128
number 7: 826
number 8: 274
number 9: 132
confusion matrix
Confusion Matrix and Statistics

               Reference
Prediction      high 30days high 60days high 90days low 30days low 60days
  high 30days           383         110          46        172         59
  high 60days             0           0           0          0          0
  high 90days             0           0           0          0          0
  low 30days            251          93          46        478        158
  low 60days              0           0           0          0          0
  low 90days              0           0           0          0          0
  medium 30days         206          58          28        160         64
  medium 60days           0           0           0          0          0
  medium 90days           0           0           0          0          0
               Reference
Prediction      low 90days medium 30days medium 60days medium 90days
  high 30days           25           273            92            43
  high 60days            0             1             0             0
  high 90days            0             0             0             0
  low 30days            82           339           115            49
  low 60days             0             0             0             0
  low 90days             0             0             0             0
  medium 30days         21           213            67            40
  medium 60days          0             0             0             0
  medium 90days          0             0             0             0

Overall Statistics
                                          
               Accuracy : 0.2925          
                 95% CI : (0.2778, 0.3075)
    No Information Rate : 0.2288          
    P-Value [Acc > NIR] : < 2.2e-16       
                                          
                  Kappa : 0.088           
 Mcnemar's Test P-Value : NA              

Statistics by Class:

                     Class: high 30days Class: high 60days Class: high 90days
Sensitivity                      0.4560          0.0000000            0.00000
Specificity                      0.7105          0.9997068            1.00000
Pos Pred Value                   0.3184          0.0000000                NaN
Neg Pred Value                   0.8149          0.9289022            0.96732
Prevalence                       0.2288          0.0710784            0.03268
Detection Rate                   0.1043          0.0000000            0.00000
Detection Prevalence             0.3276          0.0002723            0.00000
Balanced Accuracy                0.5832          0.4998534            0.50000
                     Class: low 30days Class: low 60days Class: low 90days
Sensitivity                     0.5901           0.00000           0.00000
Specificity                     0.6041           1.00000           1.00000
Pos Pred Value                  0.2967               NaN               NaN
Neg Pred Value                  0.8389           0.92347           0.96514
Prevalence                      0.2206           0.07653           0.03486
Detection Rate                  0.1302           0.00000           0.00000
Detection Prevalence            0.4387           0.00000           0.00000
Balanced Accuracy               0.5971           0.50000           0.50000
                     Class: medium 30days Class: medium 60days
Sensitivity                       0.25787              0.00000
Specificity                       0.77372              1.00000
Pos Pred Value                    0.24854                  NaN
Neg Pred Value                    0.78224              0.92538
Prevalence                        0.22495              0.07462
Detection Rate                    0.05801              0.00000
Detection Prevalence              0.23339              0.00000
Balanced Accuracy                 0.51579              0.50000
                     Class: medium 90days
Sensitivity                       0.00000
Specificity                       1.00000
Pos Pred Value                        NaN
Neg Pred Value                    0.96405
Prevalence                        0.03595
Detection Rate                    0.00000
Detection Prevalence              0.00000
Balanced Accuracy                 0.50000
