Loading required package: lattice
Loading required package: ggplot2
Loading required package: methods
file name: ../chf_readmit_cost.csv -- model type: tree -- response: RiskCost
cp: 0.01
set response variable, remove others
sample
shuffle
1
model made
prediction done
2
model made
prediction done
3
model made
prediction done
4
model made
prediction done
5
model made
prediction done
6
model made
prediction done
7
model made
prediction done
8
model made
prediction done
9
model made
prediction done
10
model made
prediction done
accuracy: 0.303104575163399
precision 1: 0.291648254529386
precision 2: 0
precision 3: 0
precision 4: 0.321504613200852
precision 5: 0
precision 6: 0
precision 7: 0
precision 8: 0
precision 9: 0
average precision: 0.0681280964144708
recall 1: 0.785714285714286
recall 2: 0
recall 3: 0
recall 4: 0.559259259259259
recall 5: 0
recall 6: 0
recall 7: 0
recall 8: 0
recall 9: 0
average recall: 0.149441504997061
f-measure: 0.0935899610488853
figure out who is who: 
number low 30days: 810
number low 60days: 281
number low 90days: 128
number medium 30days: 826
number medium 60days: 274
number medium 90days: 132
number high 30days: 840
number high 60days: 261
number high 90days: 120
number 1: 840
number 2: 261
number 3: 120
number 4: 810
number 5: 281
number 6: 128
number 7: 826
number 8: 274
number 9: 132
confusion matrix
Confusion Matrix and Statistics

               Reference
Prediction      high 30days high 60days high 90days low 30days low 60days
  high 30days           660         190          85        357        122
  high 60days             0           0           0          0          0
  high 90days             0           0           0          0          0
  low 30days            180          71          35        453        159
  low 60days              0           0           0          0          0
  low 90days              0           0           0          0          0
  medium 30days           0           0           0          0          0
  medium 60days           0           0           0          0          0
  medium 90days           0           0           0          0          0
               Reference
Prediction      low 90days medium 30days medium 60days medium 90days
  high 30days           49           535           177            88
  high 60days            0             0             0             0
  high 90days            0             0             0             0
  low 30days            79           291            97            44
  low 60days             0             0             0             0
  low 90days             0             0             0             0
  medium 30days          0             0             0             0
  medium 60days          0             0             0             0
  medium 90days          0             0             0             0

Overall Statistics
                                          
               Accuracy : 0.3031          
                 95% CI : (0.2883, 0.3183)
    No Information Rate : 0.2288          
    P-Value [Acc > NIR] : < 2.2e-16       
                                          
                  Kappa : 0.1001          
 Mcnemar's Test P-Value : NA              

Statistics by Class:

                     Class: high 30days Class: high 60days Class: high 90days
Sensitivity                      0.7857            0.00000            0.00000
Specificity                      0.4340            1.00000            1.00000
Pos Pred Value                   0.2916                NaN                NaN
Neg Pred Value                   0.8722            0.92892            0.96732
Prevalence                       0.2288            0.07108            0.03268
Detection Rate                   0.1797            0.00000            0.00000
Detection Prevalence             0.6163            0.00000            0.00000
Balanced Accuracy                0.6098            0.50000            0.50000
                     Class: low 30days Class: low 60days Class: low 90days
Sensitivity                     0.5593           0.00000           0.00000
Specificity                     0.6660           1.00000           1.00000
Pos Pred Value                  0.3215               NaN               NaN
Neg Pred Value                  0.8422           0.92347           0.96514
Prevalence                      0.2206           0.07653           0.03486
Detection Rate                  0.1234           0.00000           0.00000
Detection Prevalence            0.3837           0.00000           0.00000
Balanced Accuracy               0.6126           0.50000           0.50000
                     Class: medium 30days Class: medium 60days
Sensitivity                        0.0000              0.00000
Specificity                        1.0000              1.00000
Pos Pred Value                        NaN                  NaN
Neg Pred Value                     0.7751              0.92538
Prevalence                         0.2249              0.07462
Detection Rate                     0.0000              0.00000
Detection Prevalence               0.0000              0.00000
Balanced Accuracy                  0.5000              0.50000
                     Class: medium 90days
Sensitivity                       0.00000
Specificity                       1.00000
Pos Pred Value                        NaN
Neg Pred Value                    0.96405
Prevalence                        0.03595
Detection Rate                    0.00000
Detection Prevalence              0.00000
Balanced Accuracy                 0.50000
