Loading required package: lattice
Loading required package: ggplot2
Loading required package: methods
file name: ../chf_readmit_cost.csv -- model type: tree -- response: RiskLabel
cp: 0.0005
set response variable, remove others
sample
shuffle
1
model made
prediction done
2
model made
prediction done
3
model made
prediction done
4
model made
prediction done
5
model made
prediction done
6
model made
prediction done
7
model made
prediction done
8
model made
prediction done
9
model made
prediction done
10
model made
prediction done
accuracy: 0.590141612200436
precision 1: 0.671916010498688
precision 2: 0.207272727272727
precision 3: 0.0675675675675676
average precision: 0.315585435112994
recall 1: 0.827140549273021
recall 2: 0.139705882352941
recall 3: 0.0131578947368421
average recall: 0.326668108787601
f-measure: 0.321031151103247
figure out who is who: 
number 30days: 2476
number 60days: 816
number 90days: 380
number 1: 2476
number 2: 816
number 3: 380
confusion matrix
Confusion Matrix and Statistics

          Reference
Prediction 30days 60days 90days
    30days   2048    687    313
    60days    374    114     62
    90days     54     15      5

Overall Statistics
                                         
               Accuracy : 0.5901         
                 95% CI : (0.574, 0.6061)
    No Information Rate : 0.6743         
    P-Value [Acc > NIR] : 1              
                                         
                  Kappa : -0.0122        
 Mcnemar's Test P-Value : <2e-16         

Statistics by Class:

                     Class: 30days Class: 60days Class: 90days
Sensitivity                 0.8271       0.13971      0.013158
Specificity                 0.1639       0.84734      0.979040
Pos Pred Value              0.6719       0.20727      0.067568
Neg Pred Value              0.3141       0.77514      0.895775
Prevalence                  0.6743       0.22222      0.103486
Detection Rate              0.5577       0.03105      0.001362
Detection Prevalence        0.8301       0.14978      0.020153
Balanced Accuracy           0.4955       0.49352      0.496099
