Loading required package: lattice
Loading required package: ggplot2
Loading required package: methods
file name: ../chf_readmit_cost.csv -- model type: nb -- response: RiskLabel
set response variable, remove others
sample
shuffle
1
model made
prediction done
2
model made
prediction done
3
model made
prediction done
4
model made
prediction done
5
model made
prediction done
6
model made
prediction done
7
model made
prediction done
8
model made
prediction done
9
model made
prediction done
10
model made
prediction done
accuracy: 0.665849673202614
precision 1: 0.674039259054465
precision 2: 0.2
precision 3: 0.111111111111111
average precision: 0.328383456721859
recall 1: 0.984652665589661
recall 2: 0.00245098039215686
recall 3: 0.0131578947368421
average recall: 0.333420513572887
f-measure: 0.330882816373189
figure out who is who: 
number 30days: 2476
number 60days: 816
number 90days: 380
number 1: 2476
number 2: 816
number 3: 380
confusion matrix
Confusion Matrix and Statistics

          Reference
Prediction 30days 60days 90days
    30days   2438    806    373
    60days      6      2      2
    90days     32      8      5

Overall Statistics
                                          
               Accuracy : 0.6658          
                 95% CI : (0.6503, 0.6811)
    No Information Rate : 0.6743          
    P-Value [Acc > NIR] : 0.8662          
                                          
                  Kappa : -6e-04          
 Mcnemar's Test P-Value : <2e-16          

Statistics by Class:

                     Class: 30days Class: 60days Class: 90days
Sensitivity                0.98465     0.0024510      0.013158
Specificity                0.01421     0.9971989      0.987849
Pos Pred Value             0.67404     0.2000000      0.111111
Neg Pred Value             0.30909     0.7777171      0.896609
Prevalence                 0.67429     0.2222222      0.103486
Detection Rate             0.66394     0.0005447      0.001362
Detection Prevalence       0.98502     0.0027233      0.012255
Balanced Accuracy          0.49943     0.4998249      0.500504
