Loading required package: lattice
Loading required package: ggplot2
Loading required package: methods
file name: ../chf_readmit_cost.csv -- model type: nb -- response: RiskCost
set response variable, remove others
sample
shuffle
1
model made
prediction done
2
model made
prediction done
3
model made
prediction done
4
model made
prediction done
5
model made
prediction done
6
model made
prediction done
7
model made
prediction done
8
model made
prediction done
9
model made
prediction done
10
model made
prediction done
accuracy: 0.238289760348584
precision 1: 0.32404181184669
precision 2: 0.0941176470588235
precision 3: 0.0384615384615385
precision 4: 0.240740740740741
precision 5: 0
precision 6: 0.0731707317073171
precision 7: 0.203703703703704
precision 8: 0.0598290598290598
precision 9: 0
average precision: 0.114896137038653
recall 1: 0.221428571428571
recall 2: 0.0306513409961686
recall 3: 0.00833333333333333
recall 4: 0.78641975308642
recall 5: 0
recall 6: 0.0234375
recall 7: 0.0399515738498789
recall 8: 0.0255474452554745
recall 9: 0
average recall: 0.126196613105539
f-measure: 0.120281537661469
figure out who is who: 
number low 30days: 810
number low 60days: 281
number low 90days: 128
number medium 30days: 826
number medium 60days: 274
number medium 90days: 132
number high 30days: 840
number high 60days: 261
number high 90days: 120
number 1: 840
number 2: 261
number 3: 120
number 4: 810
number 5: 281
number 6: 128
number 7: 826
number 8: 274
number 9: 132
confusion matrix
Confusion Matrix and Statistics

               Reference
Prediction      high 30days high 60days high 90days low 30days low 60days
  high 30days           186          52          27         82         27
  high 60days            25           8           4         20          4
  high 90days             8           1           1          4          1
  low 30days            533         172          77        637        226
  low 60days              0           1           1          5          0
  low 90days              9           4           1         12          3
  medium 30days          52          17           3         27         10
  medium 60days          26           3           5         21         10
  medium 90days           1           3           1          2          0
               Reference
Prediction      low 90days medium 30days medium 60days medium 90days
  high 30days           11           129            46            14
  high 60days            0            15             5             4
  high 90days            2             8             0             1
  low 30days           109           599           198            95
  low 60days             0             2             1             2
  low 90days             3             4             4             1
  medium 30days          0            33            13             7
  medium 60days          3            34             7             8
  medium 90days          0             2             0             0

Overall Statistics
                                          
               Accuracy : 0.2383          
                 95% CI : (0.2246, 0.2524)
    No Information Rate : 0.2288          
    P-Value [Acc > NIR] : 0.0881          
                                          
                  Kappa : 0.0363          
 Mcnemar's Test P-Value : <2e-16          

Statistics by Class:

                     Class: high 30days Class: high 60days Class: high 90days
Sensitivity                     0.22143           0.030651          0.0083333
Specificity                     0.86299           0.977426          0.9929617
Pos Pred Value                  0.32404           0.094118          0.0384615
Neg Pred Value                  0.78890           0.929468          0.9673615
Prevalence                      0.22876           0.071078          0.0326797
Detection Rate                  0.05065           0.002179          0.0002723
Detection Prevalence            0.15632           0.023148          0.0070806
Balanced Accuracy               0.54221           0.504039          0.5006475
                     Class: low 30days Class: low 60days Class: low 90days
Sensitivity                     0.7864          0.000000          0.023438
Specificity                     0.2980          0.996461          0.989278
Pos Pred Value                  0.2407          0.000000          0.073171
Neg Pred Value                  0.8314          0.923224          0.965574
Prevalence                      0.2206          0.076525          0.034858
Detection Rate                  0.1735          0.000000          0.000817
Detection Prevalence            0.7206          0.003268          0.011166
Balanced Accuracy               0.5422          0.498231          0.506358
                     Class: medium 30days Class: medium 60days
Sensitivity                      0.039952             0.025547
Specificity                      0.954673             0.967628
Pos Pred Value                   0.203704             0.059829
Neg Pred Value                   0.774074             0.924895
Prevalence                       0.224946             0.074619
Detection Rate                   0.008987             0.001906
Detection Prevalence             0.044118             0.031863
Balanced Accuracy                0.497312             0.496588
                     Class: medium 90days
Sensitivity                      0.000000
Specificity                      0.997458
Pos Pred Value                   0.000000
Neg Pred Value                   0.963964
Prevalence                       0.035948
Detection Rate                   0.000000
Detection Prevalence             0.002451
Balanced Accuracy                0.498729
