Loading required package: lattice
Loading required package: ggplot2
Loading required package: methods
file name: chf_readmit_cost.csv -- appraoch: BR -- model type: svm -- sample size: 0
remove unnecessary buckets
shuffle
1
in BR
model made 1
model made 2
[1] "making predictions"
prediction done 1
prediction done 2
stored in preds and truths
2
in BR
model made 1
model made 2
[1] "making predictions"
prediction done 1
prediction done 2
stored in preds and truths
3
in BR
model made 1
model made 2
[1] "making predictions"
prediction done 1
prediction done 2
stored in preds and truths
4
in BR
model made 1
model made 2
[1] "making predictions"
prediction done 1
prediction done 2
stored in preds and truths
5
in BR
model made 1
model made 2
[1] "making predictions"
prediction done 1
prediction done 2
stored in preds and truths
6
in BR
model made 1
model made 2
[1] "making predictions"
prediction done 1
prediction done 2
stored in preds and truths
7
in BR
model made 1
model made 2
[1] "making predictions"
prediction done 1
prediction done 2
stored in preds and truths
8
in BR
model made 1
model made 2
[1] "making predictions"
prediction done 1
prediction done 2
stored in preds and truths
9
in BR
model made 1
model made 2
[1] "making predictions"
prediction done 1
prediction done 2
stored in preds and truths
10
in BR
model made 1
model made 2
[1] "making predictions"
prediction done 1
prediction done 2
stored in preds and truths
scoring averageAccuray
average accuracy: 0.464506172839495
scoring averagePrecision
precision High High: 0
precision High Medium: 0
precision High Low: 0
precision Medium High: 0
precision Medium Medium: 0
precision Medium Low: 0
precision Low High: 0.299748110831234
precision Low Medium: 0.254098360655738
precision Low Low: 0.298709280885065
average precision: 0.0947284169302263
scoring averageRecall
recall 1: 0
recall 2: 0
recall 3: 0
recall 4: 0
recall 5: 0
recall 6: 0
recall 7: 0.425
recall 8: 0.26271186440678
recall 9: 0.6
average recall: 0.143079096045198
scoring f1Measure
f1measure: 0.113988461462696
confusion matrix
Confusion Matrix and Statistics

               Reference
Prediction      High High High Low High Medium Low High Low Low Low Medium
  High High             7        0           2       31       0          8
  High Low              0        4           1        0      32         10
  High Medium           3        2           2        5       4         33
  Low High             31        0           7      443     206        186
  Low Low               0       38           6      275     639        215
  Low Medium            7        8          29      208     204        296
  Medium High          10        0           2       74       0         19
  Medium Low            0       10           3        0      85         10
  Medium Medium         2        3          14       18      18         45
               Reference
Prediction      Medium High Medium Low Medium Medium
  High High               8          0             4
  High Low                0         14             2
  High Medium             1          6            10
  Low High               83          0            21
  Low Low                 0         65            11
  Low Medium             16         23            67
  Medium High            21          0             2
  Medium Low              0         26             6
  Medium Medium           4          7            20

Overall Statistics
                                          
               Accuracy : 0.3971          
                 95% CI : (0.3812, 0.4131)
    No Information Rate : 0.3235          
    P-Value [Acc > NIR] : < 2.2e-16       
                                          
                  Kappa : 0.2027          
 Mcnemar's Test P-Value : NA              

Statistics by Class:

                     Class: High High Class: High Low Class: High Medium
Sensitivity                  0.116667        0.061538          0.0303030
Specificity                  0.985327        0.983643          0.9822518
Pos Pred Value               0.116667        0.063492          0.0303030
Neg Pred Value               0.985327        0.983098          0.9822518
Prevalence                   0.016340        0.017702          0.0179739
Detection Rate               0.001906        0.001089          0.0005447
Detection Prevalence         0.016340        0.017157          0.0179739
Balanced Accuracy            0.550997        0.522591          0.5062774
                     Class: Low High Class: Low Low Class: Low Medium
Sensitivity                   0.4203         0.5379           0.36010
Specificity                   0.7960         0.7544           0.80281
Pos Pred Value                0.4534         0.5116           0.34499
Neg Pred Value                0.7733         0.7734           0.81308
Prevalence                    0.2870         0.3235           0.22386
Detection Rate                0.1206         0.1740           0.08061
Detection Prevalence          0.2661         0.3401           0.23366
Balanced Accuracy             0.6082         0.6462           0.58145
                     Class: Medium High Class: Medium Low Class: Medium Medium
Sensitivity                    0.157895          0.184397             0.139860
Specificity                    0.969765          0.967715             0.968546
Pos Pred Value                 0.164062          0.185714             0.152672
Neg Pred Value                 0.968397          0.967441             0.965264
Prevalence                     0.036220          0.038399             0.038943
Detection Rate                 0.005719          0.007081             0.005447
Detection Prevalence           0.034858          0.038126             0.035675
Balanced Accuracy              0.563830          0.576056             0.554203
