Loading required package: lattice
Loading required package: ggplot2
Loading required package: methods
file name: chf_readmit_cost.csv -- appraoch: BR -- model type: tree -- sample size: 0
cp: 0.0005
remove unnecessary buckets
shuffle
1
in BR
model made 1
model made 2
[1] "making predictions"
prediction done 1
prediction done 2
stored in preds and truths
2
in BR
model made 1
model made 2
[1] "making predictions"
prediction done 1
prediction done 2
stored in preds and truths
3
in BR
model made 1
model made 2
[1] "making predictions"
prediction done 1
prediction done 2
stored in preds and truths
4
in BR
model made 1
model made 2
[1] "making predictions"
prediction done 1
prediction done 2
stored in preds and truths
5
in BR
model made 1
model made 2
[1] "making predictions"
prediction done 1
prediction done 2
stored in preds and truths
6
in BR
model made 1
model made 2
[1] "making predictions"
prediction done 1
prediction done 2
stored in preds and truths
7
in BR
model made 1
model made 2
[1] "making predictions"
prediction done 1
prediction done 2
stored in preds and truths
8
in BR
model made 1
model made 2
[1] "making predictions"
prediction done 1
prediction done 2
stored in preds and truths
9
in BR
model made 1
model made 2
[1] "making predictions"
prediction done 1
prediction done 2
stored in preds and truths
10
in BR
model made 1
model made 2
[1] "making predictions"
prediction done 1
prediction done 2
stored in preds and truths
scoring averageAccuray
average accuracy: 0.414306463326063
scoring averagePrecision
precision High High: 0
precision High Medium: 0.075
precision High Low: 0.0967741935483871
precision Medium High: 0.0752688172043011
precision Medium Medium: 0.0689655172413793
precision Medium Low: 0.104477611940299
precision Low High: 0.299038461538462
precision Low Medium: 0.241344195519348
precision Low Low: 0.292806484295846
average precision: 0.139297253476447
scoring averageRecall
recall 1: 0
recall 2: 0.0227272727272727
recall 3: 0.0234375
recall 4: 0.053639846743295
recall 5: 0.0437956204379562
recall 6: 0.0747330960854092
recall 7: 0.370238095238095
recall 8: 0.286924939467312
recall 9: 0.35679012345679
average recall: 0.136920721572903
scoring f1Measure
f1measure: 0.138098763888998
confusion matrix
Confusion Matrix and Statistics

               Reference
Prediction      High High High Low High Medium Low High Low Low Low Medium
  High High             7        0           2       39       5          8
  High Low              0        5           1        4      36         14
  High Medium           3        2           2       11      10         36
  Low High             36        2          14      393     143        173
  Low Low               3       41          16      134     369        182
  Low Medium           10       15          33      178     174        330
  Medium High          11        1           3      111      21         46
  Medium Low            3       10           3       29     118         37
  Medium Medium         3        4          16       45      40         70
               Reference
Prediction      Medium High Medium Low Medium Medium
  High High               9          1             4
  High Low                2         15             2
  High Medium             2          6            10
  Low High              110         20            45
  Low Low                22         85            29
  Low Medium             37         41            94
  Medium High            24          2             8
  Medium Low              6         41             9
  Medium Medium           8         15            23

Overall Statistics
                                        
               Accuracy : 0.3252        
                 95% CI : (0.31, 0.3406)
    No Information Rate : 0.2571        
    P-Value [Acc > NIR] : < 2.2e-16     
                                        
                  Kappa : 0.1574        
 Mcnemar's Test P-Value : NA            

Statistics by Class:

                     Class: High High Class: High Low Class: High Medium
Sensitivity                  0.092105        0.062500          0.0222222
Specificity                  0.981090        0.979399          0.9776661
Pos Pred Value               0.093333        0.063291          0.0243902
Neg Pred Value               0.980817        0.979126          0.9754875
Prevalence                   0.020697        0.021786          0.0245098
Detection Rate               0.001906        0.001362          0.0005447
Detection Prevalence         0.020425        0.021514          0.0223312
Balanced Accuracy            0.536598        0.520949          0.4999442
                     Class: Low High Class: Low Low Class: Low Medium
Sensitivity                   0.4163         0.4028           0.36830
Specificity                   0.8010         0.8142           0.79035
Pos Pred Value                0.4199         0.4188           0.36184
Neg Pred Value                0.7986         0.8040           0.79493
Prevalence                    0.2571         0.2495           0.24401
Detection Rate                0.1070         0.1005           0.08987
Detection Prevalence          0.2549         0.2399           0.24837
Balanced Accuracy             0.6086         0.6085           0.57932
                     Class: Medium High Class: Medium Low Class: Medium Medium
Sensitivity                    0.109091           0.18142             0.102679
Specificity                    0.941194           0.93761             0.941705
Pos Pred Value                 0.105727           0.16016             0.102679
Neg Pred Value                 0.943106           0.94584             0.941705
Prevalence                     0.059913           0.06155             0.061002
Detection Rate                 0.006536           0.01117             0.006264
Detection Prevalence           0.061819           0.06972             0.061002
Balanced Accuracy              0.525142           0.55951             0.522192
