Loading required package: lattice
Loading required package: ggplot2
Loading required package: methods
file name: chf_readmit_cost.csv -- appraoch: BR -- model type: tree -- sample size: 0
cp: 0.001
remove unnecessary buckets
shuffle
1
in BR
model made 1
model made 2
[1] "making predictions"
prediction done 1
prediction done 2
stored in preds and truths
2
in BR
model made 1
model made 2
[1] "making predictions"
prediction done 1
prediction done 2
stored in preds and truths
3
in BR
model made 1
model made 2
[1] "making predictions"
prediction done 1
prediction done 2
stored in preds and truths
4
in BR
model made 1
model made 2
[1] "making predictions"
prediction done 1
prediction done 2
stored in preds and truths
5
in BR
model made 1
model made 2
[1] "making predictions"
prediction done 1
prediction done 2
stored in preds and truths
6
in BR
model made 1
model made 2
[1] "making predictions"
prediction done 1
prediction done 2
stored in preds and truths
7
in BR
model made 1
model made 2
[1] "making predictions"
prediction done 1
prediction done 2
stored in preds and truths
8
in BR
model made 1
model made 2
[1] "making predictions"
prediction done 1
prediction done 2
stored in preds and truths
9
in BR
model made 1
model made 2
[1] "making predictions"
prediction done 1
prediction done 2
stored in preds and truths
10
in BR
model made 1
model made 2
[1] "making predictions"
prediction done 1
prediction done 2
stored in preds and truths
scoring averageAccuray
average accuracy: 0.446986201888152
scoring averagePrecision
precision High High: 0
precision High Medium: 0
precision High Low: 0.2
precision Medium High: 0.0909090909090909
precision Medium Medium: 0.0461538461538462
precision Medium Low: 0.105263157894737
precision Low High: 0.304383788254756
precision Low Medium: 0.241010689990282
precision Low Low: 0.316423043852107
average precision: 0.144904846339424
scoring averageRecall
recall 1: 0
recall 2: 0
recall 3: 0.0078125
recall 4: 0.0306513409961686
recall 5: 0.0109489051094891
recall 6: 0.0355871886120996
recall 7: 0.438095238095238
recall 8: 0.300242130750605
recall 9: 0.454320987654321
average recall: 0.141962032357547
scoring f1Measure
f1measure: 0.143418344970614
confusion matrix
Confusion Matrix and Statistics

               Reference
Prediction      High High High Low High Medium Low High Low Low Low Medium
  High High             7        0           2       33       1          9
  High Low              0        4           1        0      32         10
  High Medium           3        2           2        5       4         34
  Low High             34        1          10      446     200        208
  Low Low               1       38           7      172     430        217
  Low Medium            9       11          32      216     189        334
  Medium High          10        1           2       91       8         26
  Medium Low            0       10           3       10      97         25
  Medium Medium         2        3          14       27      27         56
               Reference
Prediction      Medium High Medium Low Medium Medium
  High High               8          0             4
  High Low                0         14             2
  High Medium             1          6            10
  Low High              101         15            34
  Low Low                19         84            17
  Low Medium             32         32            81
  Medium High            21          1             2
  Medium Low              0         32             7
  Medium Medium           5          8            20

Overall Statistics
                                          
               Accuracy : 0.3529          
                 95% CI : (0.3375, 0.3686)
    No Information Rate : 0.2723          
    P-Value [Acc > NIR] : < 2.2e-16       
                                          
                  Kappa : 0.1686          
 Mcnemar's Test P-Value : NA              

Statistics by Class:

                     Class: High High Class: High Low Class: High Medium
Sensitivity                  0.106061        0.057143          0.0273973
Specificity                  0.984193        0.983620          0.9819394
Pos Pred Value               0.109375        0.063492          0.0298507
Neg Pred Value               0.983647        0.981712          0.9803051
Prevalence                   0.017974        0.019063          0.0198802
Detection Rate               0.001906        0.001089          0.0005447
Detection Prevalence         0.017429        0.017157          0.0182462
Balanced Accuracy            0.545127        0.520382          0.5046683
                     Class: Low High Class: Low Low Class: Low Medium
Sensitivity                   0.4460         0.4352           0.36344
Specificity                   0.7743         0.7932           0.78133
Pos Pred Value                0.4252         0.4365           0.35684
Neg Pred Value                0.7888         0.7923           0.78618
Prevalence                    0.2723         0.2691           0.25027
Detection Rate                0.1215         0.1171           0.09096
Detection Prevalence          0.2857         0.2682           0.25490
Balanced Accuracy             0.6102         0.6142           0.57238
                     Class: Medium High Class: Medium Low Class: Medium Medium
Sensitivity                    0.112299          0.166667             0.112994
Specificity                    0.959541          0.956322             0.959371
Pos Pred Value                 0.129630          0.173913             0.123457
Neg Pred Value                 0.952707          0.954128             0.955271
Prevalence                     0.050926          0.052288             0.048203
Detection Rate                 0.005719          0.008715             0.005447
Detection Prevalence           0.044118          0.050109             0.044118
Balanced Accuracy              0.535920          0.561494             0.536182
