Loading required package: lattice
Loading required package: ggplot2
Loading required package: methods
file name: chf_readmit_cost.csv -- appraoch: CC -- model type: tree -- sample size: 0
cp: 0.0005
remove unnecessary buckets
shuffle
1
in CC
model made 1
model made 2
[1] "making predictions"
prediction done 1
prediction done 2
stored in preds and truths
2
in CC
model made 1
model made 2
[1] "making predictions"
prediction done 1
prediction done 2
stored in preds and truths
3
in CC
model made 1
model made 2
[1] "making predictions"
prediction done 1
prediction done 2
stored in preds and truths
4
in CC
model made 1
model made 2
[1] "making predictions"
prediction done 1
prediction done 2
stored in preds and truths
5
in CC
model made 1
model made 2
[1] "making predictions"
prediction done 1
prediction done 2
stored in preds and truths
6
in CC
model made 1
model made 2
[1] "making predictions"
prediction done 1
prediction done 2
stored in preds and truths
7
in CC
model made 1
model made 2
[1] "making predictions"
prediction done 1
prediction done 2
stored in preds and truths
8
in CC
model made 1
model made 2
[1] "making predictions"
prediction done 1
prediction done 2
stored in preds and truths
9
in CC
model made 1
model made 2
[1] "making predictions"
prediction done 1
prediction done 2
stored in preds and truths
10
in CC
model made 1
model made 2
[1] "making predictions"
prediction done 1
prediction done 2
stored in preds and truths
scoring averageAccuray
average accuracy: 0.413943355119818
scoring averagePrecision
precision High High: 0
precision High Medium: 0.0857142857142857
precision High Low: 0.0882352941176471
precision Medium High: 0.0742857142857143
precision Medium Medium: 0.0654761904761905
precision Medium Low: 0.100917431192661
precision Low High: 0.298536585365854
precision Low Medium: 0.239282153539382
precision Low Low: 0.295616717635066
average precision: 0.138673819147422
scoring averageRecall
recall 1: 0
recall 2: 0.0227272727272727
recall 3: 0.0234375
recall 4: 0.0498084291187739
recall 5: 0.0401459854014599
recall 6: 0.0782918149466192
recall 7: 0.364285714285714
recall 8: 0.290556900726392
recall 9: 0.358024691358025
average recall: 0.13636425650714
scoring f1Measure
f1measure: 0.137509340843369
confusion matrix
Confusion Matrix and Statistics

               Reference
Prediction      High High High Low High Medium Low High Low Low Low Medium
  High High             7        0           2       39       6          9
  High Low              0        5           1        4      35         15
  High Medium           3        2           2       10       9         36
  Low High             38        5          12      396     143        170
  Low Low               3       42          14      122     373        191
  Low Medium            8       15          33      176     165        340
  Medium High          10        1           3      105      19         45
  Medium Low            3       10           3       35     117         44
  Medium Medium         4        4          16       43      42         67
               Reference
Prediction      Medium High Medium Low Medium Medium
  High High               9          1             4
  High Low                1         15             2
  High Medium             3          6            10
  Low High              109         17            45
  Low Low                24         84            29
  Low Medium             33         47            95
  Medium High            25          2             8
  Medium Low              7         43            10
  Medium Medium           7         12            22

Overall Statistics
                                          
               Accuracy : 0.3303          
                 95% CI : (0.3151, 0.3458)
    No Information Rate : 0.2533          
    P-Value [Acc > NIR] : < 2.2e-16       
                                          
                  Kappa : 0.1638          
 Mcnemar's Test P-Value : NA              

Statistics by Class:

                     Class: High High Class: High Low Class: High Medium
Sensitivity                  0.092105        0.059524          0.0232558
Specificity                  0.980534        0.979654          0.9779699
Pos Pred Value               0.090909        0.064103          0.0246914
Neg Pred Value               0.980807        0.978019          0.9766082
Prevalence                   0.020697        0.022876          0.0234205
Detection Rate               0.001906        0.001362          0.0005447
Detection Prevalence         0.020969        0.021242          0.0220588
Balanced Accuracy            0.536320        0.519589          0.5006128
                     Class: Low High Class: Low Low Class: Low Medium
Sensitivity                   0.4258         0.4103           0.37077
Specificity                   0.8034         0.8158           0.79238
Pos Pred Value                0.4235         0.4229           0.37281
Neg Pred Value                0.8049         0.8079           0.79094
Prevalence                    0.2533         0.2475           0.24973
Detection Rate                0.1078         0.1016           0.09259
Detection Prevalence          0.2546         0.2402           0.24837
Balanced Accuracy             0.6146         0.6131           0.58158
                     Class: Medium High Class: Medium Low Class: Medium Medium
Sensitivity                    0.114679           0.18943             0.097778
Specificity                    0.944123           0.93353             0.943429
Pos Pred Value                 0.114679           0.15809             0.101382
Neg Pred Value                 0.944123           0.94588             0.941245
Prevalence                     0.059368           0.06182             0.061275
Detection Rate                 0.006808           0.01171             0.005991
Detection Prevalence           0.059368           0.07407             0.059096
Balanced Accuracy              0.529401           0.56148             0.520603
