Loading required package: lattice
Loading required package: ggplot2
Loading required package: methods
file name: chf_readmit_cost.csv -- appraoch: LP -- model type: tree -- sample size: 0
cp: 0.0005
remove unnecessary buckets
shuffle
1
in LP
model made
prediction done
stored in preds and truths
2
in LP
model made
prediction done
stored in preds and truths
3
in LP
model made
prediction done
stored in preds and truths
4
in LP
model made
prediction done
stored in preds and truths
5
in LP
model made
prediction done
stored in preds and truths
6
in LP
model made
prediction done
stored in preds and truths
7
in LP
model made
prediction done
stored in preds and truths
8
in LP
model made
prediction done
stored in preds and truths
9
in LP
model made
prediction done
stored in preds and truths
10
in LP
model made
prediction done
stored in preds and truths
scoring averageAccuray
average accuracy: 0.436365286855472
scoring averagePrecision
precision High High: 0.0476190476190476
precision High Medium: 0
precision High Low: 0
precision Medium High: 0.0983606557377049
precision Medium Medium: 0.0727272727272727
precision Medium Low: 0.0490196078431373
precision Low High: 0.305580159433127
precision Low Medium: 0.240609137055838
precision Low Low: 0.303904923599321
average precision: 0.124202311557272
scoring averageRecall
recall 1: 0.00833333333333333
recall 2: 0
recall 3: 0
recall 4: 0.0459770114942529
recall 5: 0.0291970802919708
recall 6: 0.0177935943060498
recall 7: 0.410714285714286
recall 8: 0.286924939467312
recall 9: 0.441975308641975
average recall: 0.137879505916576
scoring f1Measure
f1measure: 0.130684024678073
confusion matrix
Confusion Matrix and Statistics

               Reference
Prediction      High High High Low High Medium Low High Low Low Low Medium
  High High             7        0           2       34       1         11
  High Low              0        4           1        0      32         10
  High Medium           3        2           2       10       5         37
  Low High             34        1           8      419     176        177
  Low Low               6       41           7      183     425        191
  Low Medium           11       11          32      213     210        318
  Medium High          10        0           3       92      19         45
  Medium Low            1       11           3       10     106         19
  Medium Medium         2        3          14       36      36         60
               Reference
Prediction      Medium High Medium Low Medium Medium
  High High               8          0             4
  High Low                0         14             2
  High Medium             1          6            11
  Low High              102         20            35
  Low Low                13         83            29
  Low Medium             29         35            84
  Medium High            23          1             5
  Medium Low              1         29             8
  Medium Medium           8          7            20

Overall Statistics
                                          
               Accuracy : 0.3396          
                 95% CI : (0.3243, 0.3552)
    No Information Rate : 0.2751          
    P-Value [Acc > NIR] : < 2.2e-16       
                                          
                  Kappa : 0.1586          
 Mcnemar's Test P-Value : NA              

Statistics by Class:

                     Class: High High Class: High Low Class: High Medium
Sensitivity                  0.094595        0.054795          0.0277778
Specificity                  0.983324        0.983607          0.9791667
Pos Pred Value               0.104478        0.063492          0.0259740
Neg Pred Value               0.981415        0.980881          0.9805285
Prevalence                   0.020153        0.019880          0.0196078
Detection Rate               0.001906        0.001089          0.0005447
Detection Prevalence         0.018246        0.017157          0.0209695
Balanced Accuracy            0.538959        0.519201          0.5034722
                     Class: Low High Class: Low Low Class: Low Medium
Sensitivity                   0.4203         0.4208            0.3664
Specificity                   0.7933         0.7923            0.7771
Pos Pred Value                0.4311         0.4346            0.3372
Neg Pred Value                0.7859         0.7829            0.7985
Prevalence                    0.2715         0.2751            0.2364
Detection Rate                0.1141         0.1157            0.0866
Detection Prevalence          0.2647         0.2663            0.2568
Balanced Accuracy             0.6068         0.6065            0.5717
                     Class: Medium High Class: Medium Low Class: Medium Medium
Sensitivity                    0.124324          0.148718             0.101010
Specificity                    0.949814          0.954271             0.952216
Pos Pred Value                 0.116162          0.154255             0.107527
Neg Pred Value                 0.953368          0.952354             0.948939
Prevalence                     0.050381          0.053105             0.053922
Detection Rate                 0.006264          0.007898             0.005447
Detection Prevalence           0.053922          0.051198             0.050654
Balanced Accuracy              0.537069          0.551494             0.526613
