Loading required package: lattice
Loading required package: ggplot2
Loading required package: methods
file name: chf_readmit_cost.csv -- appraoch: LP -- model type: tree -- sample size: 0
cp: 0.001
remove unnecessary buckets
shuffle
1
in LP
model made
prediction done
stored in preds and truths
2
in LP
model made
prediction done
stored in preds and truths
3
in LP
model made
prediction done
stored in preds and truths
4
in LP
model made
prediction done
stored in preds and truths
5
in LP
model made
prediction done
stored in preds and truths
6
in LP
model made
prediction done
stored in preds and truths
7
in LP
model made
prediction done
stored in preds and truths
8
in LP
model made
prediction done
stored in preds and truths
9
in LP
model made
prediction done
stored in preds and truths
10
in LP
model made
prediction done
stored in preds and truths
scoring averageAccuray
average accuracy: 0.462962962962952
scoring averagePrecision
precision High High: 0.166666666666667
precision High Medium: 0
precision High Low: 0
precision Medium High: 0.0645161290322581
precision Medium Medium: 0.0943396226415094
precision Medium Low: 0.0810810810810811
precision Low High: 0.318349299926308
precision Low Medium: 0.24507658643326
precision Low Low: 0.323089046493302
average precision: 0.143679825808265
scoring averageRecall
recall 1: 0.00833333333333333
recall 2: 0
recall 3: 0
recall 4: 0.00766283524904215
recall 5: 0.0182481751824818
recall 6: 0.0106761565836299
recall 7: 0.514285714285714
recall 8: 0.271186440677966
recall 9: 0.506172839506173
average recall: 0.148507277202038
scoring f1Measure
f1measure: 0.146053672457241
confusion matrix
Confusion Matrix and Statistics

               Reference
Prediction      High High High Low High Medium Low High Low Low Low Medium
  High High             7        0           2       31       0          9
  High Low              0        4           1        0      32         10
  High Medium           3        2           2        7       4         36
  Low High             32        0           7      511     240        218
  Low Low               3       38           6      185     467        201
  Low Medium            8        8          29      212     210        297
  Medium High          10        0           2       83       7         23
  Medium Low            0       10           3        7      95         11
  Medium Medium         2        3          14       27      29         51
               Reference
Prediction      Medium High Medium Low Medium Medium
  High High               8          0             4
  High Low                0         14             2
  High Medium             1          6            10
  Low High               87          9            30
  Low Low                 3         70            22
  Low Medium             18         28            74
  Medium High            22          0             2
  Medium Low              0         26             6
  Medium Medium           4          7            20

Overall Statistics
                                          
               Accuracy : 0.3693          
                 95% CI : (0.3536, 0.3851)
    No Information Rate : 0.2952          
    P-Value [Acc > NIR] : < 2.2e-16       
                                          
                  Kappa : 0.1789          
 Mcnemar's Test P-Value : NA              

Statistics by Class:

                     Class: High High Class: High Low Class: High Medium
Sensitivity                  0.107692        0.061538          0.0303030
Specificity                  0.985029        0.983643          0.9808652
Pos Pred Value               0.114754        0.063492          0.0281690
Neg Pred Value               0.983938        0.983098          0.9822272
Prevalence                   0.017702        0.017702          0.0179739
Detection Rate               0.001906        0.001089          0.0005447
Detection Prevalence         0.016612        0.017157          0.0193355
Balanced Accuracy            0.546361        0.522591          0.5055841
                     Class: Low High Class: Low Low Class: Low Medium
Sensitivity                   0.4807         0.4308           0.34696
Specificity                   0.7612         0.7960           0.79155
Pos Pred Value                0.4506         0.4693           0.33597
Neg Pred Value                0.7825         0.7695           0.79950
Prevalence                    0.2895         0.2952           0.23312
Detection Rate                0.1392         0.1272           0.08088
Detection Prevalence          0.3088         0.2710           0.24074
Balanced Accuracy             0.6210         0.6134           0.56926
                     Class: Medium High Class: Medium Low Class: Medium Medium
Sensitivity                    0.153846          0.162500             0.117647
Specificity                    0.964012          0.962415             0.960879
Pos Pred Value                 0.147651          0.164557             0.127389
Neg Pred Value                 0.965654          0.961867             0.957326
Prevalence                     0.038943          0.043573             0.046296
Detection Rate                 0.005991          0.007081             0.005447
Detection Prevalence           0.040577          0.043028             0.042756
Balanced Accuracy              0.558929          0.562457             0.539263
