Loading required package: lattice
Loading required package: ggplot2
Loading required package: methods
file name: TCSS555 - NEW CHF Readmission.csv -- appraoch: BR -- model type: tree -- sample size: 0
cp: 0.0005
remove unnecessary buckets
shuffle
1
in BR
model made 1
model made 2
[1] "making predictions"
prediction done 1
prediction done 2
stored in preds and truths
2
in BR
model made 1
model made 2
[1] "making predictions"
prediction done 1
prediction done 2
stored in preds and truths
3
in BR
model made 1
model made 2
[1] "making predictions"
prediction done 1
prediction done 2
stored in preds and truths
4
in BR
model made 1
model made 2
[1] "making predictions"
prediction done 1
prediction done 2
stored in preds and truths
5
in BR
model made 1
model made 2
[1] "making predictions"
prediction done 1
prediction done 2
stored in preds and truths
6
in BR
model made 1
model made 2
[1] "making predictions"
prediction done 1
prediction done 2
stored in preds and truths
7
in BR
model made 1
model made 2
[1] "making predictions"
prediction done 1
prediction done 2
stored in preds and truths
8
in BR
model made 1
model made 2
[1] "making predictions"
prediction done 1
prediction done 2
stored in preds and truths
9
in BR
model made 1
model made 2
[1] "making predictions"
prediction done 1
prediction done 2
stored in preds and truths
10
in BR
model made 1
model made 2
[1] "making predictions"
prediction done 1
prediction done 2
stored in preds and truths
scoring averageAccuray
average accuracy: 0.349999999999993
scoring averagePrecision
precision High High: 0.0843989769820972
precision High Medium: 0.0931899641577061
precision High Low: 0.0772532188841202
precision Medium High: 0.0916334661354582
precision Medium Medium: 0.0794701986754967
precision Medium Low: 0.054421768707483
precision Low High: 0.306849315068493
precision Low Medium: 0.183783783783784
precision Low Low: 0.164404223227753
average precision: 0.126156101735821
scoring averageRecall
recall 1: 0.0825
recall 2: 0.0702702702702703
recall 3: 0.0647482014388489
recall 4: 0.0759075907590759
recall 5: 0.0431654676258993
recall 6: 0.0350877192982456
recall 7: 0.378059071729958
recall 8: 0.215462610899873
recall 9: 0.162929745889387
average recall: 0.125347853101284
scoring f1Measure
f1measure: 0.1257506786997
# preds: 4500
confusion matrix
Confusion Matrix and Statistics

               Reference
Prediction      High High High Low High Medium Low High Low Low Low Medium
  High High            29       19          35      109      46         82
  High Low             20       14          21       75      32         45
  High Medium          21       18          19       99      51         60
  Low High            130       77          85      394     184        284
  Low Low              54       43          51      193     108        130
  Low Medium           91       49          81      220     138        141
  Medium High          30       18          20       84      34         48
  Medium Low           12       13          10       52      23         34
  Medium Medium        26       13          17       60      30         30
               Reference
Prediction      Medium High Medium Low Medium Medium
  High High              19         21            18
  High Low               15         11            14
  High Medium            20          8            14
  Low High               81         62            62
  Low Low                44         30            33
  Low Medium             57         39            44
  Medium High            19         14            14
  Medium Low              9         10             9
  Medium Medium           9          8            14

Overall Statistics
                                          
               Accuracy : 0.1662          
                 95% CI : (0.1555, 0.1774)
    No Information Rate : 0.2858          
    P-Value [Acc > NIR] : 1.0000          
                                          
                  Kappa : -0.0026         
 Mcnemar's Test P-Value : 0.3797          

Statistics by Class:

                     Class: High High Class: High Low Class: High Medium
Sensitivity                  0.070218        0.053030           0.056047
Specificity                  0.914607        0.944995           0.930065
Pos Pred Value               0.076720        0.056680           0.061290
Neg Pred Value               0.906841        0.941218           0.923628
Prevalence                   0.091778        0.058667           0.075333
Detection Rate               0.006444        0.003111           0.004222
Detection Prevalence         0.084000        0.054889           0.068889
Balanced Accuracy            0.492413        0.499013           0.493056
                     Class: Low High Class: Low Low Class: Low Medium
Sensitivity                  0.30638         0.1672           0.16511
Specificity                  0.69975         0.8500           0.80280
Pos Pred Value               0.28992         0.1574           0.16395
Neg Pred Value               0.71601         0.8589           0.80412
Prevalence                   0.28578         0.1436           0.18978
Detection Rate               0.08756         0.0240           0.03133
Detection Prevalence         0.30200         0.1524           0.19111
Balanced Accuracy            0.50306         0.5086           0.48395
                     Class: Medium High Class: Medium Low Class: Medium Medium
Sensitivity                    0.069597          0.049261             0.063063
Specificity                    0.938018          0.962299             0.954885
Pos Pred Value                 0.067616          0.058140             0.067633
Neg Pred Value                 0.939796          0.955407             0.951549
Prevalence                     0.060667          0.045111             0.049333
Detection Rate                 0.004222          0.002222             0.003111
Detection Prevalence           0.062444          0.038222             0.046000
Balanced Accuracy              0.503807          0.505780             0.508974
