Loading required package: lattice
Loading required package: ggplot2
Loading required package: methods
file name: TCSS555 - NEW CHF Readmission.csv -- appraoch: LP -- model type: tree -- sample size: 0
cp: 0.001
remove unnecessary buckets
shuffle
1
in LP
model made
prediction done
stored in preds and truths
2
in LP
model made
prediction done
stored in preds and truths
3
in LP
model made
prediction done
stored in preds and truths
4
in LP
model made
prediction done
stored in preds and truths
5
in LP
model made
prediction done
stored in preds and truths
6
in LP
model made
prediction done
stored in preds and truths
7
in LP
model made
prediction done
stored in preds and truths
8
in LP
model made
prediction done
stored in preds and truths
9
in LP
model made
prediction done
stored in preds and truths
10
in LP
model made
prediction done
stored in preds and truths
scoring averageAccuray
average accuracy: 0.407777777777765
scoring averagePrecision
precision High High: 0.13125
precision High Medium: 0.0288461538461538
precision High Low: 0.0967741935483871
precision Medium High: 0.0606060606060606
precision Medium Medium: 0.128205128205128
precision Medium Low: 0.0303030303030303
precision Low High: 0.304930966469428
precision Low Medium: 0.166666666666667
precision Low Low: 0.205063291139241
average precision: 0.128071721198233
scoring averageRecall
recall 1: 0.0525
recall 2: 0.00810810810810811
recall 3: 0.0215827338129496
recall 4: 0.0066006600660066
recall 5: 0.0179856115107914
recall 6: 0.0043859649122807
recall 7: 0.652320675105485
recall 8: 0.157160963244613
recall 9: 0.242152466367713
average recall: 0.129199687014216
scoring f1Measure
f1measure: 0.128633231412327
# preds: 4500
confusion matrix
Confusion Matrix and Statistics

               Reference
Prediction      High High High Low High Medium Low High Low Low Low Medium
  High High            15        9          25       85      33         57
  High Low             16        6          14       58      23         32
  High Medium          14        8          14       78      42         37
  Low High            111       56          75      875     309        344
  Low Low              41       29          42      304     121        126
  Low Medium           58       30          48      285     132        108
  Medium High          15       10          12       46      19         30
  Medium Low           12        9           6       39      14         25
  Medium Medium        17        8          15       42      28         26
               Reference
Prediction      Medium High Medium Low Medium Medium
  High High              15         14             8
  High Low                9          8             9
  High Medium            14          5            11
  Low High               47         45            46
  Low Low                29         19            27
  Low Medium             30         23            34
  Medium High            14         11            10
  Medium Low              5          8             5
  Medium Medium           6          5            10

Overall Statistics
                                          
               Accuracy : 0.2602          
                 95% CI : (0.2475, 0.2733)
    No Information Rate : 0.4027          
    P-Value [Acc > NIR] : 1.000           
                                          
                  Kappa : 0.0298          
 Mcnemar's Test P-Value : 0.691           

Statistics by Class:

                     Class: High High Class: High Low Class: High Medium
Sensitivity                  0.050167        0.036364           0.055777
Specificity                  0.941443        0.961015           0.950812
Pos Pred Value               0.057471        0.034286           0.062780
Neg Pred Value               0.933003        0.963237           0.944587
Prevalence                   0.066444        0.036667           0.055778
Detection Rate               0.003333        0.001333           0.003111
Detection Prevalence         0.058000        0.038889           0.049556
Balanced Accuracy            0.495805        0.498689           0.503294
                     Class: Low High Class: Low Low Class: Low Medium
Sensitivity                   0.4829        0.16782            0.1376
Specificity                   0.6157        0.83673            0.8277
Pos Pred Value                0.4586        0.16396            0.1444
Neg Pred Value                0.6385        0.84051            0.8196
Prevalence                    0.4027        0.16022            0.1744
Detection Rate                0.1944        0.02689            0.0240
Detection Prevalence          0.4240        0.16400            0.1662
Balanced Accuracy             0.5493        0.50228            0.4827
                     Class: Medium High Class: Medium Low Class: Medium Medium
Sensitivity                    0.082840          0.057971             0.062500
Specificity                    0.964673          0.973636             0.966129
Pos Pred Value                 0.083832          0.065041             0.063694
Neg Pred Value                 0.964228          0.970299             0.965462
Prevalence                     0.037556          0.030667             0.035556
Detection Rate                 0.003111          0.001778             0.002222
Detection Prevalence           0.037111          0.027333             0.034889
Balanced Accuracy              0.523757          0.515803             0.514315
